Added Pin To Net: NetName=GND Pin=CT2-1
Added Pin To Net: NetName=GND Pin=CT3-1
Added Pin To Net: NetName=GND Pin=CT4-1
Added Pin To Net: NetName=GND Pin=J3V-2
Added Pin To Net: NetName=GND Pin=J5V-2
Added Pin To Net: NetName=GND Pin=J12V-2
Added Pin To Net: NetName=GND Pin=JLoadVoltAmp-2
Added Pin To Net: NetName=GND Pin=JPowVoltAmp-2
Added Pin To Net: NetName=GND Pin=JS3-2
Added Pin To Net: NetName=GND Pin=JS5-2
Added Pin To Net: NetName=GND Pin=JS12-2
Added Pin To Net: NetName=GND Pin=R2-3
Added Pin To Net: NetName=GND Pin=Reg3V-1
Added Pin To Net: NetName=GND Pin=Reg5V-1
Added Pin To Net: NetName=GND Pin=Reg12V-1
Added Pin To Net: NetName=GND Pin=CF1-NEG
Added Pin To Net: NetName=GND Pin=CF2-NEG
Added Pin To Net: NetName=GND Pin=CF3-NEG
Added Pin To Net: NetName=GND Pin=CF4-NEG
Added Pin To Net: NetName=GND Pin=CT1-N
Added Pin To Net: NetName=GND Pin=D1-4
Added Pin To Net: NetName=GND Pin=D3-C
Added Pin To Net: NetName=GND Pin=D4-C
Added Pin To Net: NetName=GND Pin=D5-C
Added Net: Name=GND
Added Pin To Net: NetName=NetCF1_2 Pin=D1-1
Added Pin To Net: NetName=NetCF1_2 Pin=F2-1
Added Pin To Net: NetName=NetCF1_2 Pin=CF1-POS
Added Pin To Net: NetName=NetCF1_2 Pin=CF2-POS
Added Pin To Net: NetName=NetCF1_2 Pin=CF3-POS
Added Pin To Net: NetName=NetCF1_2 Pin=CF4-POS
Added Net: Name=NetCF1_2
Added Pin To Net: NetName=NetD1_2 Pin=JTOut-1
Added Pin To Net: NetName=NetD1_2 Pin=D1-3
Added Net: Name=NetD1_2
Added Pin To Net: NetName=NetD3_1 Pin=RLed2-1
Added Pin To Net: NetName=NetD3_1 Pin=D3-A
Added Net: Name=NetD3_1
Added Pin To Net: NetName=NetD4_1 Pin=RLed3-1
Added Pin To Net: NetName=NetD4_1 Pin=D4-A
Added Net: Name=NetD4_1
Added Pin To Net: NetName=NetD5_1 Pin=RLed4-1
Added Pin To Net: NetName=NetD5_1 Pin=D5-A
Added Net: Name=NetD5_1
Added Pin To Net: NetName=NetF1_1 Pin=F1-1
Added Pin To Net: NetName=NetF1_1 Pin=JVAC-2
Added Net: Name=NetF1_1
Added Pin To Net: NetName=NetF1_2 Pin=F1-2
Added Pin To Net: NetName=NetF1_2 Pin=JTin-1
Added Net: Name=NetF1_2
Added Pin To Net: NetName=NetJS3_1 Pin=JS3-1
Added Pin To Net: NetName=NetJS3_1 Pin=Reg3V-3
Added Net: Name=NetJS3_1
Added Pin To Net: NetName=NetJS5_1 Pin=JS5-1
Added Pin To Net: NetName=NetJS5_1 Pin=Reg5V-3
Added Net: Name=NetJS5_1
Added Pin To Net: NetName=NetJS12_1 Pin=JS12-1
Added Pin To Net: NetName=NetJS12_1 Pin=Reg12V-3
Added Net: Name=NetJS12_1
Added Pin To Net: NetName=NetJTin_2 Pin=JTin-2
Added Pin To Net: NetName=NetJTin_2 Pin=JVAC-1
Added Net: Name=NetJTin_2
Added Pin To Net: NetName=NetR1_1 Pin=R1-1
Added Pin To Net: NetName=NetR1_1 Pin=R2-1
Added Pin To Net: NetName=NetR1_1 Pin=RegAdjV-1
Added Net: Name=NetR1_1
Added Pin To Net: NetName=V3.3Out Pin=CT2-2
Added Pin To Net: NetName=V3.3Out Pin=J3V-1
Added Pin To Net: NetName=V3.3Out Pin=Reg3V-2
Added Pin To Net: NetName=V3.3Out Pin=RLed3-2
Added Net: Name=V3.3Out
Added Pin To Net: NetName=V5vOut Pin=CT3-2
Added Pin To Net: NetName=V5vOut Pin=J5V-1
Added Pin To Net: NetName=V5vOut Pin=JPowVoltAmp-1
Added Pin To Net: NetName=V5vOut Pin=Reg5V-2
Added Pin To Net: NetName=V5vOut Pin=RLed4-2
Added Net: Name=V5vOut
Added Pin To Net: NetName=V12Out Pin=CT4-2
Added Pin To Net: NetName=V12Out Pin=J12V-1
Added Pin To Net: NetName=V12Out Pin=Reg12V-2
Added Pin To Net: NetName=V12Out Pin=RLed2-2
Added Net: Name=V12Out
Added Pin To Net: NetName=VAdjOut Pin=JAdjOut-1
Added Pin To Net: NetName=VAdjOut Pin=JLoadVoltAmp-1
Added Pin To Net: NetName=VAdjOut Pin=R1-2
Added Pin To Net: NetName=VAdjOut Pin=RegAdjV-2
Added Pin To Net: NetName=VAdjOut Pin=CT1-P
Added Net: Name=VAdjOut
Added Pin To Net: NetName=VF Pin=F2-2
Added Pin To Net: NetName=VF Pin=JS3-3
Added Pin To Net: NetName=VF Pin=JS5-3
Added Pin To Net: NetName=VF Pin=JS12-3
Added Pin To Net: NetName=VF Pin=RegAdjV-3
Added Net: Name=VF
Added Pin To Net: NetName=Vt Pin=JTOut-2
Added Pin To Net: NetName=Vt Pin=D1-2
Added Net: Name=Vt
Add Class Member: Failed to add class member : Component Vin SIN(0 169.7056275 60Hz 0 0 0)
