Replace Part CF1 Cap in C:\Users\Public\Documents\Altium\Projects\FuenteRegulada\Fuente.SchDoc with Cap from Miscellaneous Devices.IntLib
Replace Part CF2 Cap in C:\Users\Public\Documents\Altium\Projects\FuenteRegulada\Fuente.SchDoc with Cap from Miscellaneous Devices.IntLib
Replace Part CF3 Cap in C:\Users\Public\Documents\Altium\Projects\FuenteRegulada\Fuente.SchDoc with Cap from Miscellaneous Devices.IntLib
Replace Part CF4 Cap in C:\Users\Public\Documents\Altium\Projects\FuenteRegulada\Fuente.SchDoc with Cap from Miscellaneous Devices.IntLib
Replace Part CT1 Cap Pol1 in C:\Users\Public\Documents\Altium\Projects\FuenteRegulada\Fuente.SchDoc with Cap Pol1 from Miscellaneous Devices.IntLib
Replace Part CT2 Cap in C:\Users\Public\Documents\Altium\Projects\FuenteRegulada\Fuente.SchDoc with Cap from Miscellaneous Devices.IntLib
Replace Part CT3 Cap in C:\Users\Public\Documents\Altium\Projects\FuenteRegulada\Fuente.SchDoc with Cap from Miscellaneous Devices.IntLib
Replace Part CT4 Cap in C:\Users\Public\Documents\Altium\Projects\FuenteRegulada\Fuente.SchDoc with Cap from Miscellaneous Devices.IntLib
Replace Part D1 Bridge1 in C:\Users\Public\Documents\Altium\Projects\FuenteRegulada\Fuente.SchDoc with Bridge1 from Miscellaneous Devices.IntLib
Replace Part D2 LED2 in C:\Users\Public\Documents\Altium\Projects\FuenteRegulada\Fuente.SchDoc with LED2 from Miscellaneous Devices.IntLib
Replace Part D3 LED2 in C:\Users\Public\Documents\Altium\Projects\FuenteRegulada\Fuente.SchDoc with LED2 from Miscellaneous Devices.IntLib
Replace Part D4 LED2 in C:\Users\Public\Documents\Altium\Projects\FuenteRegulada\Fuente.SchDoc with LED2 from Miscellaneous Devices.IntLib
Replace Part D5 LED2 in C:\Users\Public\Documents\Altium\Projects\FuenteRegulada\Fuente.SchDoc with LED2 from Miscellaneous Devices.IntLib
Replace Part R1 Res1 in C:\Users\Public\Documents\Altium\Projects\FuenteRegulada\Fuente.SchDoc with Res1 from Miscellaneous Devices.IntLib
Replace Part R2 Potentiometer in C:\Users\Public\Documents\Altium\Projects\FuenteRegulada\Fuente.SchDoc with Potentiometer from Simulation Generic Components.IntLib
Replace Part RLed Res1 in C:\Users\Public\Documents\Altium\Projects\FuenteRegulada\Fuente.SchDoc with Res1 from Miscellaneous Devices.IntLib
Replace Part RLed2 Res1 in C:\Users\Public\Documents\Altium\Projects\FuenteRegulada\Fuente.SchDoc with Res1 from Miscellaneous Devices.IntLib
Replace Part RLed3 Res1 in C:\Users\Public\Documents\Altium\Projects\FuenteRegulada\Fuente.SchDoc with Res1 from Miscellaneous Devices.IntLib
Replace Part RLed4 Res1 in C:\Users\Public\Documents\Altium\Projects\FuenteRegulada\Fuente.SchDoc with Res1 from Miscellaneous Devices.IntLib
Replace Part T1 Trans in C:\Users\Public\Documents\Altium\Projects\FuenteRegulada\Fuente.SchDoc with Trans from Miscellaneous Devices.IntLib
Update Managed Component U3 From CMP-0062-02533-3[LM1084IT33] To CMP-0062-02533-3[LM1084IT-3.3/NOPB] in Fuente.SchDoc
Update Managed Component U4 From CMP-0062-02530-3[LM1085IT-12/NOPB] To CMP-0062-02530-3[LM1085IT-12/NOPB] in Fuente.SchDoc
Update Managed Component U5 From CMP-0062-02537-3[LM1084IT50] To CMP-0062-02537-3[LM1084IT-5.0/NOPB] in Fuente.SchDoc
Update Managed Component UAdj From CMP-0062-02474-3[LM338T/NOPB] To CMP-0062-02474-3[LM338T/NOPB] in Fuente.SchDoc
